0 info it worked if it ends with ok
1 verbose cli [ '/usr/bin/node', '/usr/bin/npm', 'install', 'raspi' ]
2 info using npm@3.5.2
3 info using node@v8.10.0
4 silly loadCurrentTree Starting
5 silly install loadCurrentTree
6 silly install readLocalPackageData
7 silly fetchPackageMetaData raspi
8 silly fetchNamedPackageData raspi
9 silly mapToRegistry name raspi
10 silly mapToRegistry using default registry
11 silly mapToRegistry registry https://registry.npmjs.org/
12 silly mapToRegistry uri https://registry.npmjs.org/raspi
13 verbose request uri https://registry.npmjs.org/raspi
14 verbose request no auth needed
15 info attempt registry request try #1 at 5:29:03 PM
16 verbose request id 64d250f094f2b261
17 http request GET https://registry.npmjs.org/raspi
18 http 200 https://registry.npmjs.org/raspi
19 verbose headers { 'content-type': 'application/json; charset=UTF-8',
19 verbose headers   server: 'UploadServer',
19 verbose headers   'cache-control': 'max-age=300',
19 verbose headers   'last-modified': 'Sat, 18 Nov 2017 22:18:56 GMT',
19 verbose headers   etag: '"5a10b1d0-6d2f"',
19 verbose headers   'x-npm-region': 'Asia-South',
19 verbose headers   'content-encoding': 'gzip',
19 verbose headers   'content-length': '5574',
19 verbose headers   'accept-ranges': 'bytes',
19 verbose headers   date: 'Sat, 19 May 2018 11:59:05 GMT',
19 verbose headers   via: '1.1 varnish',
19 verbose headers   age: '0',
19 verbose headers   connection: 'keep-alive',
19 verbose headers   'x-served-by': 'cache-bom18223-BOM',
19 verbose headers   'x-cache': 'MISS',
19 verbose headers   'x-cache-hits': '0',
19 verbose headers   'x-timer': 'S1526731145.316350,VS0,VE298',
19 verbose headers   vary: 'Accept-Encoding, Accept' }
20 silly get cb [ 200,
20 silly get   { 'content-type': 'application/json; charset=UTF-8',
20 silly get     server: 'UploadServer',
20 silly get     'cache-control': 'max-age=300',
20 silly get     'last-modified': 'Sat, 18 Nov 2017 22:18:56 GMT',
20 silly get     etag: '"5a10b1d0-6d2f"',
20 silly get     'x-npm-region': 'Asia-South',
20 silly get     'content-encoding': 'gzip',
20 silly get     'content-length': '5574',
20 silly get     'accept-ranges': 'bytes',
20 silly get     date: 'Sat, 19 May 2018 11:59:05 GMT',
20 silly get     via: '1.1 varnish',
20 silly get     age: '0',
20 silly get     connection: 'keep-alive',
20 silly get     'x-served-by': 'cache-bom18223-BOM',
20 silly get     'x-cache': 'MISS',
20 silly get     'x-cache-hits': '0',
20 silly get     'x-timer': 'S1526731145.316350,VS0,VE298',
20 silly get     vary: 'Accept-Encoding, Accept' } ]
21 verbose get saving raspi to /home/sanai/.npm/registry.npmjs.org/raspi/.cache.json
22 silly install normalizeTree
23 silly loadCurrentTree Finishing
24 silly loadIdealTree Starting
25 silly install loadIdealTree
26 silly cloneCurrentTree Starting
27 silly install cloneCurrentTreeToIdealTree
28 silly cloneCurrentTree Finishing
29 silly loadShrinkwrap Starting
30 silly install loadShrinkwrap
31 silly loadShrinkwrap Finishing
32 silly loadAllDepsIntoIdealTree Starting
33 silly install loadAllDepsIntoIdealTree
34 silly rollbackFailedOptional Starting
35 silly rollbackFailedOptional Finishing
36 silly runTopLevelLifecycles Starting
37 silly runTopLevelLifecycles Finishing
38 silly install printInstalled
39 verbose stack Error: Unsupported
39 verbose stack     at checkPlatform (/usr/share/npm/node_modules/npm-install-checks/index.js:46:14)
39 verbose stack     at Array.<anonymous> (/usr/share/npm/node_modules/slide/lib/bind-actor.js:15:8)
39 verbose stack     at LOOP (/usr/share/npm/node_modules/slide/lib/chain.js:15:14)
39 verbose stack     at /usr/share/npm/node_modules/slide/lib/chain.js:18:7
39 verbose stack     at checkEngine (/usr/share/npm/node_modules/npm-install-checks/index.js:25:10)
39 verbose stack     at Array.<anonymous> (/usr/share/npm/node_modules/slide/lib/bind-actor.js:15:8)
39 verbose stack     at LOOP (/usr/share/npm/node_modules/slide/lib/chain.js:15:14)
39 verbose stack     at chain (/usr/share/npm/node_modules/slide/lib/chain.js:20:5)
39 verbose stack     at module.exports.isInstallable (/usr/share/npm/lib/install/validate-args.js:26:3)
39 verbose stack     at Array.<anonymous> (/usr/share/npm/node_modules/slide/lib/bind-actor.js:15:8)
40 verbose pkgid raspi@5.0.2
41 verbose cwd /home/sanai/nodeapps/automatic-road-divider
42 error Linux 4.15.0-20-generic
43 error argv "/usr/bin/node" "/usr/bin/npm" "install" "raspi"
44 error node v8.10.0
45 error npm  v3.5.2
46 error code EBADPLATFORM
47 error notsup Not compatible with your operating system or architecture: raspi@5.0.2
48 error notsup Valid OS:    any
48 error notsup Valid Arch:  arm
48 error notsup Actual OS:   linux
48 error notsup Actual Arch: x64
49 verbose exit [ 1, true ]
